Arguments: 
  /Users/joel/.nodenv/versions/14.18.1/bin/node /Users/joel/.npm-global/bin/yarn add -D jest-expect-message

PATH: 
  /Users/joel/.nodenv/versions/14.18.1/bin:/opt/homebrew/Cellar/nodenv/1.4.0/libexec:/Users/joel/.rbenv/shims:/Users/joel/.nodenv/shims:/Users/joel/bin:/Users/joel/.npm-global/bin:/usr/local/bin:/opt/homebrew/bin:/opt/homebrew/sbin:/usr/local/bin:/usr/bin:/bin:/usr/sbin:/sbin

Yarn version: 
  1.22.17

Node version: 
  14.18.1

Platform: 
  darwin arm64

Trace: 
  Error: EEXIST: file already exists, mkdir '/Users/joel/Code/skillrecordings/products/packages/scripts/node_modules/eslint-plugin-jest/node_modules/@typescript-eslint'

npm manifest: 
  {
    "name": "@skillrecordings/scripts",
    "version": "0.0.5",
    "license": "BUSL-1.1",
    "main": "index.js",
    "private": true,
    "bin": {
      "jest": "./node_modules/jest/bin/jest.js",
      "eslint": "./node_modules/eslint/bin/eslint.js"
    },
    "files": [
      "jest",
      "eslint-preset.js",
      "postcss.config.js",
      "tailwind.config.js",
      "next.config.js"
    ],
    "scripts": {
      "clean": "rm -rf .turbo && rm -rf node_modules"
    },
    "dependencies": {
      "@typescript-eslint/eslint-plugin": "^4.0.0",
      "@typescript-eslint/parser": "^4.0.0",
      "babel-eslint": "^10.0.0",
      "eslint": "^7.5.0",
      "eslint-config-react-app": "^6.0.0",
      "eslint-plugin-flowtype": "^5.2.0",
      "eslint-plugin-import": "^2.22.0",
      "eslint-plugin-jest": "23.13.1",
      "eslint-plugin-jsx-a11y": "^6.3.1",
      "eslint-plugin-react": "^7.20.3",
      "eslint-plugin-react-hooks": "^4.0.8",
      "jest": "^27.1.0",
      "ts-jest": "^27.0.4",
      "typescript": "^4.2.4"
    },
    "devDependencies": {
      "@types/jest": "^26.0.22"
    }
  }

yarn manifest: 
  No manifest

Lockfile: 
  No lockfile
